<?xml version="1.0" encoding="UTF-8"?>
<coverage generated="1729661353260" clover="3.2.0">
  <project timestamp="1729661353260" name="All files">
    <metrics statements="45" coveredstatements="45" conditionals="16" coveredconditionals="16" methods="4" coveredmethods="4" elements="65" coveredelements="65" complexity="0" loc="45" ncloc="45" packages="1" files="2" classes="2"/>
    <file name="array.ts" path="F:\Beacon\packages\codeable\src\array.ts">
      <metrics statements="44" coveredstatements="44" conditionals="16" coveredconditionals="16" methods="4" coveredmethods="4"/>
      <line num="1" count="1" type="cond" truecount="1" falsecount="0"/>
      <line num="2" count="400007" type="stmt"/>
      <line num="3" count="400007" type="stmt"/>
      <line num="4" count="400007" type="stmt"/>
      <line num="5" count="400007" type="stmt"/>
      <line num="6" count="400007" type="stmt"/>
      <line num="8" count="400007" type="cond" truecount="2" falsecount="0"/>
      <line num="10" count="200002" type="stmt"/>
      <line num="12" count="200002" type="stmt"/>
      <line num="13" count="200002" type="stmt"/>
      <line num="14" count="200002" type="stmt"/>
      <line num="16" count="200002" type="stmt"/>
      <line num="17" count="200002" type="stmt"/>
      <line num="20" count="1" type="cond" truecount="1" falsecount="0"/>
      <line num="21" count="200002" type="stmt"/>
      <line num="22" count="200002" type="stmt"/>
      <line num="23" count="200002" type="stmt"/>
      <line num="24" count="200002" type="stmt"/>
      <line num="25" count="200002" type="stmt"/>
      <line num="26" count="200002" type="stmt"/>
      <line num="27" count="200002" type="stmt"/>
      <line num="29" count="200002" type="cond" truecount="2" falsecount="0"/>
      <line num="30" count="3072283" type="stmt"/>
      <line num="32" count="3072283" type="cond" truecount="1" falsecount="0"/>
      <line num="33" count="1520100" type="stmt"/>
      <line num="34" count="1520100" type="stmt"/>
      <line num="35" count="3072283" type="cond" truecount="1" falsecount="0"/>
      <line num="36" count="1552183" type="stmt"/>
      <line num="37" count="1552183" type="stmt"/>
      <line num="38" count="1552183" type="stmt"/>
      <line num="39" count="3072283" type="stmt"/>
      <line num="41" count="200002" type="stmt"/>
      <line num="42" count="200002" type="stmt"/>
      <line num="52" count="1" type="cond" truecount="1" falsecount="0"/>
      <line num="53" count="400007" type="stmt"/>
      <line num="54" count="400007" type="stmt"/>
      <line num="55" count="400007" type="stmt"/>
      <line num="56" count="400007" type="cond" truecount="3" falsecount="0"/>
      <line num="57" count="400007" type="stmt"/>
      <line num="59" count="1" type="cond" truecount="1" falsecount="0"/>
      <line num="60" count="200002" type="stmt"/>
      <line num="61" count="200002" type="stmt"/>
      <line num="62" count="200002" type="cond" truecount="3" falsecount="0"/>
      <line num="63" count="200002" type="stmt"/>
    </file>
    <file name="index.ts" path="F:\Beacon\packages\codeable\src\index.ts">
      <metrics statements="1" coveredstatements="1" conditionals="0" coveredconditionals="0" methods="0" coveredmethods="0"/>
      <line num="1" count="1" type="stmt"/>
    </file>
  </project>
</coverage>
