{"F:\\Beacon\\packages\\codeable\\src\\array.ts": {"path":"F:\\Beacon\\packages\\codeable\\src\\array.ts","all":false,"statementMap":{"0":{"start":{"line":1,"column":0},"end":{"line":1,"column":27}},"1":{"start":{"line":2,"column":0},"end":{"line":2,"column":15}},"2":{"start":{"line":3,"column":0},"end":{"line":3,"column":39}},"3":{"start":{"line":4,"column":0},"end":{"line":4,"column":46}},"4":{"start":{"line":5,"column":0},"end":{"line":5,"column":8}},"5":{"start":{"line":6,"column":0},"end":{"line":6,"column":56}},"7":{"start":{"line":8,"column":0},"end":{"line":8,"column":53}},"9":{"start":{"line":10,"column":0},"end":{"line":10,"column":46}},"11":{"start":{"line":12,"column":0},"end":{"line":12,"column":45}},"12":{"start":{"line":13,"column":0},"end":{"line":13,"column":62}},"13":{"start":{"line":14,"column":0},"end":{"line":14,"column":60}},"15":{"start":{"line":16,"column":0},"end":{"line":16,"column":49}},"16":{"start":{"line":17,"column":0},"end":{"line":17,"column":1}},"19":{"start":{"line":20,"column":0},"end":{"line":20,"column":28}},"20":{"start":{"line":21,"column":0},"end":{"line":21,"column":14}},"21":{"start":{"line":22,"column":0},"end":{"line":22,"column":15}},"22":{"start":{"line":23,"column":0},"end":{"line":23,"column":38}},"23":{"start":{"line":24,"column":0},"end":{"line":24,"column":46}},"24":{"start":{"line":25,"column":0},"end":{"line":25,"column":8}},"25":{"start":{"line":26,"column":0},"end":{"line":26,"column":27}},"26":{"start":{"line":27,"column":0},"end":{"line":27,"column":21}},"28":{"start":{"line":29,"column":0},"end":{"line":29,"column":49}},"29":{"start":{"line":30,"column":0},"end":{"line":30,"column":55}},"31":{"start":{"line":32,"column":0},"end":{"line":32,"column":29}},"32":{"start":{"line":33,"column":0},"end":{"line":33,"column":48}},"33":{"start":{"line":34,"column":0},"end":{"line":34,"column":16}},"34":{"start":{"line":35,"column":0},"end":{"line":35,"column":16}},"35":{"start":{"line":36,"column":0},"end":{"line":36,"column":49}},"36":{"start":{"line":37,"column":0},"end":{"line":37,"column":16}},"37":{"start":{"line":38,"column":0},"end":{"line":38,"column":9}},"38":{"start":{"line":39,"column":0},"end":{"line":39,"column":5}},"40":{"start":{"line":41,"column":0},"end":{"line":41,"column":95}},"41":{"start":{"line":42,"column":0},"end":{"line":42,"column":1}},"51":{"start":{"line":52,"column":0},"end":{"line":52,"column":34}},"52":{"start":{"line":53,"column":0},"end":{"line":53,"column":15}},"53":{"start":{"line":54,"column":0},"end":{"line":54,"column":58}},"54":{"start":{"line":55,"column":0},"end":{"line":55,"column":38}},"55":{"start":{"line":56,"column":0},"end":{"line":56,"column":96}},"56":{"start":{"line":57,"column":0},"end":{"line":57,"column":1}},"58":{"start":{"line":59,"column":0},"end":{"line":59,"column":30}},"59":{"start":{"line":60,"column":0},"end":{"line":60,"column":37}},"60":{"start":{"line":61,"column":0},"end":{"line":61,"column":27}},"61":{"start":{"line":62,"column":0},"end":{"line":62,"column":91}},"62":{"start":{"line":63,"column":0},"end":{"line":63,"column":1}}},"s":{"0":1,"1":400007,"2":400007,"3":400007,"4":400007,"5":400007,"7":400007,"9":200002,"11":200002,"12":200002,"13":200002,"15":200002,"16":200002,"19":1,"20":200002,"21":200002,"22":200002,"23":200002,"24":200002,"25":200002,"26":200002,"28":200002,"29":3072283,"31":3072283,"32":1520100,"33":1520100,"34":3072283,"35":1552183,"36":1552183,"37":1552183,"38":3072283,"40":200002,"41":200002,"51":1,"52":400007,"53":400007,"54":400007,"55":400007,"56":400007,"58":1,"59":200002,"60":200002,"61":200002,"62":200002},"branchMap":{"0":{"type":"branch","line":1,"loc":{"start":{"line":1,"column":7},"end":{"line":17,"column":1}},"locations":[{"start":{"line":1,"column":7},"end":{"line":17,"column":1}}]},"1":{"type":"branch","line":8,"loc":{"start":{"line":8,"column":27},"end":{"line":8,"column":53}},"locations":[{"start":{"line":8,"column":27},"end":{"line":8,"column":53}}]},"2":{"type":"branch","line":8,"loc":{"start":{"line":8,"column":52},"end":{"line":17,"column":1}},"locations":[{"start":{"line":8,"column":52},"end":{"line":17,"column":1}}]},"3":{"type":"branch","line":20,"loc":{"start":{"line":20,"column":7},"end":{"line":42,"column":1}},"locations":[{"start":{"line":20,"column":7},"end":{"line":42,"column":1}}]},"4":{"type":"branch","line":29,"loc":{"start":{"line":29,"column":20},"end":{"line":29,"column":48}},"locations":[{"start":{"line":29,"column":20},"end":{"line":29,"column":48}}]},"5":{"type":"branch","line":29,"loc":{"start":{"line":29,"column":48},"end":{"line":39,"column":5}},"locations":[{"start":{"line":29,"column":48},"end":{"line":39,"column":5}}]},"6":{"type":"branch","line":32,"loc":{"start":{"line":32,"column":28},"end":{"line":35,"column":15}},"locations":[{"start":{"line":32,"column":28},"end":{"line":35,"column":15}}]},"7":{"type":"branch","line":35,"loc":{"start":{"line":35,"column":8},"end":{"line":38,"column":9}},"locations":[{"start":{"line":35,"column":8},"end":{"line":38,"column":9}}]},"8":{"type":"branch","line":52,"loc":{"start":{"line":52,"column":7},"end":{"line":57,"column":1}},"locations":[{"start":{"line":52,"column":7},"end":{"line":57,"column":1}}]},"9":{"type":"branch","line":56,"loc":{"start":{"line":56,"column":11},"end":{"line":56,"column":96}},"locations":[{"start":{"line":56,"column":11},"end":{"line":56,"column":96}}]},"10":{"type":"branch","line":56,"loc":{"start":{"line":56,"column":46},"end":{"line":56,"column":92}},"locations":[{"start":{"line":56,"column":46},"end":{"line":56,"column":92}}]},"11":{"type":"branch","line":56,"loc":{"start":{"line":56,"column":88},"end":{"line":56,"column":96}},"locations":[{"start":{"line":56,"column":88},"end":{"line":56,"column":96}}]},"12":{"type":"branch","line":59,"loc":{"start":{"line":59,"column":7},"end":{"line":63,"column":1}},"locations":[{"start":{"line":59,"column":7},"end":{"line":63,"column":1}}]},"13":{"type":"branch","line":62,"loc":{"start":{"line":62,"column":11},"end":{"line":62,"column":91}},"locations":[{"start":{"line":62,"column":11},"end":{"line":62,"column":91}}]},"14":{"type":"branch","line":62,"loc":{"start":{"line":62,"column":27},"end":{"line":62,"column":57}},"locations":[{"start":{"line":62,"column":27},"end":{"line":62,"column":57}}]},"15":{"type":"branch","line":62,"loc":{"start":{"line":62,"column":53},"end":{"line":62,"column":91}},"locations":[{"start":{"line":62,"column":53},"end":{"line":62,"column":91}}]}},"b":{"0":[400007],"1":[200005],"2":[200002],"3":[200002],"4":[3161273],"5":[3072283],"6":[1520100],"7":[1552183],"8":[400007],"9":[33081446],"10":[29543573],"11":[3537873],"12":[200002],"13":[25457520],"14":[23921654],"15":[1535866]},"fnMap":{"0":{"name":"sort","decl":{"start":{"line":1,"column":7},"end":{"line":17,"column":1}},"loc":{"start":{"line":1,"column":7},"end":{"line":17,"column":1}},"line":1},"1":{"name":"merge","decl":{"start":{"line":20,"column":7},"end":{"line":42,"column":1}},"loc":{"start":{"line":20,"column":7},"end":{"line":42,"column":1}},"line":20},"2":{"name":"getCallback","decl":{"start":{"line":52,"column":7},"end":{"line":57,"column":1}},"loc":{"start":{"line":52,"column":7},"end":{"line":57,"column":1}},"line":52},"3":{"name":"getCompare","decl":{"start":{"line":59,"column":7},"end":{"line":63,"column":1}},"loc":{"start":{"line":59,"column":7},"end":{"line":63,"column":1}},"line":59}},"f":{"0":400007,"1":200002,"2":400007,"3":200002}}
,"F:\\Beacon\\packages\\codeable\\src\\index.ts": {"path":"F:\\Beacon\\packages\\codeable\\src\\index.ts","all":false,"statementMap":{"0":{"start":{"line":1,"column":0},"end":{"line":1,"column":23}}},"s":{"0":1},"branchMap":{},"b":{},"fnMap":{},"f":{}}
}
